<?xml version="1.0" encoding="UTF-8"?>
<!-- Generated by org.testng.reporters.JUnitXMLReporter -->
<testsuite ignored="0" hostname="JD" failures="0" tests="1" name="ie" time="0.501" errors="0" timestamp="2021-01-12T01:10:54 IST">
  <testcase classname="tests.TC13_TestNGMultipleBrowser" name="@BeforeTest setup" time="0.2">
    <failure type="java.lang.IllegalStateException" message="The driver executable must exist: D:\Study\Selenium\SeleniumAutomationWorkspace\SeleniumAutomationFramework\drivers\iedriver\IEdriver.exe">
      <![CDATA[java.lang.IllegalStateException: The driver executable must exist: D:\Study\Selenium\SeleniumAutomationWorkspace\SeleniumAutomationFramework\drivers\iedriver\IEdriver.exe
at org.openqa.selenium.internal.Require$FileStateChecker.isFile(Require.java:289)
at org.openqa.selenium.remote.service.DriverService.checkExecutable(DriverService.java:154)
at org.openqa.selenium.remote.service.DriverService.findExecutable(DriverService.java:149)
at org.openqa.selenium.ie.InternetExplorerDriverService.access$000(InternetExplorerDriverService.java:39)
at org.openqa.selenium.ie.InternetExplorerDriverService$Builder.findDefaultExecutable(InternetExplorerDriverService.java:171)
at org.openqa.selenium.remote.service.DriverService$Builder.build(DriverService.java:405)
at org.openqa.selenium.ie.InternetExplorerDriver.setupService(InternetExplorerDriver.java:245)
at org.openqa.selenium.ie.InternetExplorerDriver.<init>(InternetExplorerDriver.java:176)
at org.openqa.selenium.ie.InternetExplorerDriver.<init>(InternetExplorerDriver.java:142)
at tests.TC13_TestNGMultipleBrowser.setup(TC13_TestNGMultipleBrowser.java:35)
at java.base/java.util.concurrent.FutureTask.run(FutureTask.java:264)
at java.base/java.util.concurrent.ThreadPoolExecutor.runWorker(ThreadPoolExecutor.java:1130)
at java.base/java.util.concurrent.ThreadPoolExecutor$Worker.run(ThreadPoolExecutor.java:630)
at java.base/java.lang.Thread.run(Thread.java:832)
... Removed 15 stack frames]]>
    </failure>
  </testcase> <!-- @BeforeTest setup -->
  <testcase classname="tests.TC13_TestNGMultipleBrowser" name="@AfterTest teardown" time="-1.610394054084E9">
    <skipped/>
  </testcase> <!-- @AfterTest teardown -->
  <testcase classname="tests.TC13_TestNGMultipleBrowser" name="maintest" time="0.0">
    <skipped/>
  </testcase> <!-- maintest -->
</testsuite> <!-- ie -->
